
                            < M A T L A B (R) >
                  Copyright 1984-2022 The MathWorks, Inc.
                  R2022a (9.12.0.1884302) 64-bit (glnxa64)
                             February 16, 2022

 
To get started, type doc.
For product information, visit www.mathworks.com.
 
Processing subject: /net/data.isilon/ag-cherrmann/stumrani/mri_prep/ixinii/IXI170-Guys-0843-T1.nii
Output directory: /net/data.isilon/ag-cherrmann/lduttenhoefer/project/CAT12_newvals/data_output/IXI170-Guys-0843-T1
Item extopts: No field(s) named
print
Item output: No field(s) named
atlases


------------------------------------------------------------------------
02-Oct-2025 18:37:05 - Running job #1
------------------------------------------------------------------------
02-Oct-2025 18:37:05 - Running 'CAT12: Segmentation'

------------------------------------------------------------------------
CAT12.9 r2577: 1/1:     ./stumrani/mri_prep/ixinii/IXI170-Guys-0843-T1.n
------------------------------------------------------------------------
SANLM denoising (medium)                                             53s
Affine preprocessing (APP)                                        
  Initialize                                                          8s
  Estimate background                                                16s
  Initial correction                                                  9s
  Refine background                                                   5s
  Final correction                                                    8s
  Final scaling                                                      15s
                                                                     69s
Correct center-of-mass                                               11s
Affine registration                                                  18s
SPM preprocessing 1 (estimate 1 - TPM registration):                 91s
SPM preprocessing 1 (estimate 2):                                   136s
SPM preprocessing 2 (write)                                       
  Write Segmentation                                                 23s
  Update Segmentation                                                17s
  Update Skull-Stripping                                             45s
  Update probability maps                                             8s
                                                                     93s
Global intensity correction                                          17s
SANLM denoising after intensity normalization (medium)               18s
Fast Optimized Shooting registration                                  4s
   70s
Local adaptive segmentation (LASstr=0.50)                         
  Prepare maps                                                        4s
  Prepare partitions                                                  3s
  Prepare segments (LASmod = 1.00)                                   16s
  Estimate local tissue thresholds (WM)                              25s
  Estimate local tissue thresholds (GM)                              26s
  Intensity transformation                                            0s
  SANLM denoising after LAS (medium)                                 23s
                                                                    100s
ROI segmentation (partitioning)                                   
  Atlas -> subject space                                             11s
  Major structures                                                   12s
  Ventricle detection                                                13s
  Blood vessel detection                                              8s
  WMH detection (WMHCstr=0.49 > WMHCstr'=0.06)                       22s
  Manual stroke lesion detection                                      0s
  Closing of deep structures                                          1s
  Side alignment                                                      4s
  Final corrections                                                   3s
                                                                     74s
Apply enhanced blood vessel correction                                1s
Amap using initial SPM12 segmentations (MRF filter strength 0.06)    44s
    AMAP peaks: [CSF,GM,WM] = [0.36±0.06,0.67±0.07,0.98±0.05]
Final cleanup (gcutstr=0.24)                                      
  Level 1 cleanup (ROI estimation)                                    4s
  Level 1 cleanup (brain masking)                                     3s
  Level 2 cleanup (CSF correction)                                    2s
  Level 3 cleanup (CSF/WM PVE)                                        2s
                                                                     11s
    6s
Write result maps                                                     9s
Surface and thickness estimation                                  
lh:
  Thickness estimation (0.50 mm³)                                   129s
  Create initial surface                                             94s
  Topology correction:                                               77s
  Surface refinement:                                                82s
  Reduction of surface collisions with optimization:                 48s
  Spherical mapping with areal smoothing                             78s
  Spherical registration                                            253s
rh:
  Thickness estimation (0.50 mm³)                                   118s
  Create initial surface                                             84s
  Topology correction:                                               79s
  Surface refinement:                                                65s
  Reduction of surface collisions with optimization:                 48s
  Spherical mapping with areal smoothing                             79s
  Spherical registration                                            248s
Final surface processing results: 
  Average thickness:                          2.4506 ± 0.6154 mm
  Euler characteristic / defect size:         18 / 0.56%
  Display thickness:          /net/data.isilon/ag-cherrmann/stumrani/mri_prep/ixinii/surf/lh.thickness.IXI170-Guys-0843-T1
  Display thickness:          /net/data.isilon/ag-cherrmann/stumrani/mri_prep/ixinii/surf/rh.thickness.IXI170-Guys-0843-T1
  Show surfaces in orthview:  /net/data.isilon/ag-cherrmann/stumrani/mri_prep/ixinii/IXI170-Guys-0843-T1.nii
Surface and thickness estimation takes                             1590s
ROI estimation                                                    
  ROI estimation of 'thalamic_nuclei' atlas                           3s
  ROI estimation of 'cobra' atlas                                    10s
  ROI estimation of 'neuromorphometrics' atlas                       36s
  ROI estimation of 'lpba40' atlas                                   11s
  ROI estimation of 'thalamus' atlas                                  2s
  ROI estimation of 'suit' atlas                                      6s
  Write results                                                       7s
                                                                     68s
Quality check                                                         8s

------------------------------------------------------------------------
CAT preprocessing takes 46 minute(s) and 58 second(s).
Image Quality Rating (IQR):  85.98% (B)
Segmentations are saved in /net/data.isilon/ag-cherrmann/stumrani/mri_prep/ixinii/mri
Reports are saved in /net/data.isilon/ag-cherrmann/stumrani/mri_prep/ixinii/report
Labels are saved in /net/data.isilon/ag-cherrmann/stumrani/mri_prep/ixinii/label
------------------------------------------------------------------------

  Remove "/net/data.isilon/ag-cherrmann/stumrani/mri_prep/ixinii/report/catreport_IXI170-Guys-0843-T1.pdf" from dependency list because it does not exist!
One or multiple files do not exist and were removed from the dependency list 
and following batches will may not work correctly!

  Remove "/net/data.isilon/ag-cherrmann/stumrani/mri_prep/ixinii/report/catreportj_IXI170-Guys-0843-T1.jpg" from dependency list because it does not exist!
One or multiple files do not exist and were removed from the dependency list 
and following batches will may not work correctly!

02-Oct-2025 19:24:07 - Done    'CAT12: Segmentation'
02-Oct-2025 19:24:07 - Done

CAT12 processing completed successfully

=== Starting data extraction ===
Quality measures extracted
Thickness extracted
Gyrification extracted
Extracted neuromorphometrics atlas (136 regions)
Extracted lpba40 atlas (56 regions)
Extracted cobra atlas (52 regions)
Warning: Atlas aparc_DK40 not found in XML
Extracted suit atlas (28 regions)
Results saved to: /net/data.isilon/ag-cherrmann/lduttenhoefer/project/CAT12_newvals/data_output/IXI170-Guys-0843-T1/IXI170-Guys-0843-T1_cat12_results.csv

=== CAT12 surface analysis and ROI extraction completed successfully ===
