
                            < M A T L A B (R) >
                  Copyright 1984-2022 The MathWorks, Inc.
                  R2022a (9.12.0.1884302) 64-bit (glnxa64)
                             February 16, 2022

 
To get started, type doc.
For product information, visit www.mathworks.com.
 
Processing subject: /net/data.isilon/ag-cherrmann/stumrani/mri_prep/ixinii/IXI426-IOP-1011-T1.nii
Output directory: /net/data.isilon/ag-cherrmann/lduttenhoefer/project/CAT12_newvals/data_output/IXI426-IOP-1011-T1
Item extopts: No field(s) named
print
Item output: No field(s) named
atlases


------------------------------------------------------------------------
02-Oct-2025 18:37:33 - Running job #1
------------------------------------------------------------------------
02-Oct-2025 18:37:33 - Running 'CAT12: Segmentation'

------------------------------------------------------------------------
CAT12.9 r2577: 1/1:      ./stumrani/mri_prep/ixinii/IXI426-IOP-1011-T1.n
------------------------------------------------------------------------
SANLM denoising (medium)                                             31s
Affine preprocessing (APP)                                        
  Initialize                                                          6s
  Estimate background                                                11s
  Initial correction                                                  8s
  Refine background                                                   4s
  Final correction                                                    6s
  Final scaling                                                       7s
                                                                     47s
Correct center-of-mass                                                3s
Affine registration                                                  17s
SPM preprocessing 1 (estimate 1 - TPM registration):                 65s
SPM preprocessing 1 (estimate 2):                                    61s
SPM preprocessing 2 (write)                                       
  Write Segmentation                                                 17s
  Update Segmentation                                                14s
  Update Skull-Stripping                                             35s
  Update probability maps                                             6s
                                                                     72s
Global intensity correction                                          12s
SANLM denoising after intensity normalization (medium)               15s
Fast Optimized Shooting registration                                  3s
   47s
Local adaptive segmentation (LASstr=0.50)                         
  Prepare maps                                                        3s
  Prepare partitions                                                  2s
  Prepare segments (LASmod = 1.05)                                   14s
  Estimate local tissue thresholds (WM)                              21s
  Estimate local tissue thresholds (GM)                              24s
  Intensity transformation                                            0s
  SANLM denoising after LAS (medium)                                 22s
                                                                     87s
ROI segmentation (partitioning)                                   
  Atlas -> subject space                                              7s
  Major structures                                                   11s
  Ventricle detection                                                 9s
  Blood vessel detection                                              9s
  WMH detection (WMHCstr=0.49 > WMHCstr'=0.00)                       18s
  Manual stroke lesion detection                                      0s
  Closing of deep structures                                          1s
  Side alignment                                                      3s
  Final corrections                                                   2s
                                                                     59s
Apply enhanced blood vessel correction                                1s
Amap using initial SPM12 segmentations (MRF filter strength 0.06)    32s
    AMAP peaks: [CSF,GM,WM] = [0.36±0.05,0.68±0.08,0.98±0.05]
Final cleanup (gcutstr=0.24)                                      
  Level 1 cleanup (ROI estimation)                                    4s
  Level 1 cleanup (brain masking)                                     3s
  Level 2 cleanup (CSF correction)                                    1s
  Level 3 cleanup (CSF/WM PVE)                                        2s
                                                                     10s
    2s
Write result maps                                                     7s
Surface and thickness estimation                                  
lh:
  Thickness estimation (0.50 mm³)                                   106s
  Create initial surface                                             82s
  Topology correction:                                               84s
  Surface refinement:                                                79s
  Reduction of surface collisions with optimization:                 62s
  Spherical mapping with areal smoothing                             69s
  Spherical registration                                            241s
rh:
  Thickness estimation (0.50 mm³)                                   105s
  Create initial surface                                             81s
  Topology correction:                                               84s
  Surface refinement:                                                66s
  Reduction of surface collisions with optimization:                 60s
  Spherical mapping with areal smoothing                            107s
  Spherical registration                                            247s
Final surface processing results: 
  Average thickness:                          2.6291 ± 0.5527 mm
  Euler characteristic / defect size:         22 / 1.03%
  Display thickness:          /net/data.isilon/ag-cherrmann/stumrani/mri_prep/ixinii/surf/lh.thickness.IXI426-IOP-1011-T1
  Display thickness:          /net/data.isilon/ag-cherrmann/stumrani/mri_prep/ixinii/surf/rh.thickness.IXI426-IOP-1011-T1
  Show surfaces in orthview:  /net/data.isilon/ag-cherrmann/stumrani/mri_prep/ixinii/IXI426-IOP-1011-T1.nii
Surface and thickness estimation takes                             1567s
ROI estimation                                                    
  ROI estimation of 'thalamic_nuclei' atlas                           2s
  ROI estimation of 'cobra' atlas                                     6s
  ROI estimation of 'neuromorphometrics' atlas                       24s
  ROI estimation of 'lpba40' atlas                                    7s
  ROI estimation of 'thalamus' atlas                                  1s
  ROI estimation of 'suit' atlas                                      4s
  Write results                                                       4s
                                                                     45s
Quality check                                                         6s

------------------------------------------------------------------------
CAT preprocessing takes 40 minute(s) and 2 second(s).
Image Quality Rating (IQR):  86.06% (B)
Segmentations are saved in /net/data.isilon/ag-cherrmann/stumrani/mri_prep/ixinii/mri
Reports are saved in /net/data.isilon/ag-cherrmann/stumrani/mri_prep/ixinii/report
Labels are saved in /net/data.isilon/ag-cherrmann/stumrani/mri_prep/ixinii/label
------------------------------------------------------------------------

  Remove "/net/data.isilon/ag-cherrmann/stumrani/mri_prep/ixinii/report/catreport_IXI426-IOP-1011-T1.pdf" from dependency list because it does not exist!
One or multiple files do not exist and were removed from the dependency list 
and following batches will may not work correctly!

  Remove "/net/data.isilon/ag-cherrmann/stumrani/mri_prep/ixinii/report/catreportj_IXI426-IOP-1011-T1.jpg" from dependency list because it does not exist!
One or multiple files do not exist and were removed from the dependency list 
and following batches will may not work correctly!

02-Oct-2025 19:17:37 - Done    'CAT12: Segmentation'
02-Oct-2025 19:17:37 - Done

CAT12 processing completed successfully

=== Starting data extraction ===
Quality measures extracted
Thickness extracted
Gyrification extracted
Extracted neuromorphometrics atlas (136 regions)
Extracted lpba40 atlas (56 regions)
Extracted cobra atlas (52 regions)
Warning: Atlas aparc_DK40 not found in XML
Extracted suit atlas (28 regions)
Results saved to: /net/data.isilon/ag-cherrmann/lduttenhoefer/project/CAT12_newvals/data_output/IXI426-IOP-1011-T1/IXI426-IOP-1011-T1_cat12_results.csv

=== CAT12 surface analysis and ROI extraction completed successfully ===
