
                            < M A T L A B (R) >
                  Copyright 1984-2022 The MathWorks, Inc.
                  R2022a (9.12.0.1884302) 64-bit (glnxa64)
                             February 16, 2022

 
To get started, type doc.
For product information, visit www.mathworks.com.
 
DEBUG: Full filename extracted = lh.thickness.IXI054-Guys-0707-T1
DEBUG: Subject name after prefix removal = IXI054-Guys-0707-T1
DEBUG: subject_path (INPUT) = /net/data.isilon/ag-cherrmann/stumrani/mri_prep/ixinii/surf/lh.thickness.IXI054-Guys-0707-T1
DEBUG: output_root_path (TARGET) = /net/data.isilon/ag-cherrmann/lduttenhoefer/project/CAT12_newvals/data_output/IXI054-Guys-0707-T1
DEBUG: subj_name = IXI054-Guys-0707-T1
Processing post-segmentation for subject: IXI054-Guys-0707-T1
Found required INPUT files
Job 1: Extract gyrification configured
Jobs 2-3: Thickness resampling configured
NOTE: Gyrification will NOT be smoothed (kept at native resolution)
Jobs 4-7: ROI extraction configured (separate jobs per metric and hemisphere)

========================================
Starting CAT12 batch processing...
========================================

--- Running Job 1: Extract Gyrification ---


------------------------------------------------------------------------
01-Oct-2025 17:50:47 - Running job #1
------------------------------------------------------------------------
01-Oct-2025 17:50:47 - Running 'Extract additional surface parameters'

     1/1) Extract parameters for /net/data.isilon/ag-cherrmann/stumrani/mri_prep/ixinii/surf/lh.central.IXI054-Guys-0707-T1.gii
 Reprocessing! 
             2s - Display /net/data.isilon/ag-cherrmann/stumrani/mri_prep/ixinii/surf/lh.gyrification.IXI054-Guys-0707-T1
 Reprocessing! 
             1s - Display /net/data.isilon/ag-cherrmann/stumrani/mri_prep/ixinii/surf/rh.gyrification.IXI054-Guys-0707-T1
01-Oct-2025 17:50:56 - Done    'Extract additional surface parameters'
01-Oct-2025 17:50:56 - Done


Job 1 completed. Moving gyrification files...
Moved LH gyrification file (native resolution, no smoothing)
Moved RH gyrification file (native resolution, no smoothing)
NOTE: Gyrification values kept at native resolution (unsmoothed)
This is scientifically valid as gyrification is an intrinsic geometric property.

--- Running Jobs 2-3: Resample and Smooth Thickness ---


------------------------------------------------------------------------
01-Oct-2025 17:50:58 - Running job #1
------------------------------------------------------------------------
01-Oct-2025 17:50:58 - Running 'Resample and Smooth Surface Data'
     1/1)    4s - Display resampled /net/data.isilon/ag-cherrmann/stumrani/mri_prep/ixinii/surf/s12.lh.thickness.resampled_32k.IXI054-Guys-0707-T1.gii
     1/1)    4s - Display resampled /net/data.isilon/ag-cherrmann/stumrani/mri_prep/ixinii/surf/s12.rh.thickness.resampled_32k.IXI054-Guys-0707-T1.gii
01-Oct-2025 17:51:03 - Done    'Resample and Smooth Surface Data'
01-Oct-2025 17:51:03 - Running 'Resample and Smooth Surface Data'
     1/1)    4s - Display resampled /net/data.isilon/ag-cherrmann/stumrani/mri_prep/ixinii/surf/s12.lh.thickness.resampled_32k.IXI054-Guys-0707-T1.gii
     1/1)    4s - Display resampled /net/data.isilon/ag-cherrmann/stumrani/mri_prep/ixinii/surf/s12.rh.thickness.resampled_32k.IXI054-Guys-0707-T1.gii
01-Oct-2025 17:51:07 - Done    'Resample and Smooth Surface Data'
01-Oct-2025 17:51:07 - Done


Moving smoothed thickness files to target directory...
Moved smoothed LH thickness file
Moved smoothed RH thickness file

--- Running Jobs 4-7: ROI Extraction ---
Item '(Left) Surface Data Files', field 'val': Value must be either empty, a cellstr or a cfg_dep object.
Item '(Left) Surface Data Files', field 'val': Value must be either empty, a cellstr or a cfg_dep object.
Item '(Left) Surface Data Files', field 'val': Value must be either empty, a cellstr or a cfg_dep object.
Item '(Left) Surface Data Files', field 'val': Value must be either empty, a cellstr or a cfg_dep object.

========================================
ERROR during CAT12 processing for IXI054-Guys-0707-T1
Error message: No executable modules, but still unresolved dependencies or incomplete module inputs.
Error stack:
Error using spm_jobman>fill_run_job
No executable modules, but still unresolved dependencies or incomplete module
inputs.

Error in spm_jobman (line 247)
        sts = fill_run_job('run', cjob, varargin{3:end});

Error in run_cat12_jobs (line 222)
    spm_jobman('run', matlabbatch(4:7));

Error in run (line 91)
evalin('caller', strcat(script, ';'));
========================================
